Arguments: 
  C:\Program Files\nodejs\node.exe C:\Users\ALGORIZMI HEALTH LTD\AppData\Roaming\npm\node_modules\yarn\bin\yarn.js install

PATH: 
  C:\Program Files\Common Files\Oracle\Java\javapath;C:\Program Files\Oculus\Support\oculus-runtime;C:\Program Files (x86)\Common Files\Intel\Shared Libraries\redist\intel64_win\compiler;C:\Program Files\NVIDIA GPU Computing Toolkit\CUDA\v10.1\bin;C:\Windows\system32;C:\Windows;C:\Windows\System32\Wbem;C:\Windows\System32\WindowsPowerShell\v1.0\;C:\Windows\System32\OpenSSH\;C:\Program Files\Intel\WiFi\bin\;C:\Program Files\Common Files\Intel\WirelessCommon\;C:\Program Files (x86)\NVIDIA Corporation\PhysX\Common;C:\Program Files\NVIDIA Corporation\NVIDIA NvDLISR;C:\Program Files\dotnet\;C:\Program Files\Microsoft SQL Server\130\Tools\Binn\;C:\Program Files\Microsoft SQL Server\Client SDK\ODBC\170\Tools\Binn\;C:\Program Files\NVIDIA GPU Computing Toolkit\CUDA\v10.1\extras\CUPTI\lib64;C:\Program Files\NVIDIA GPU Computing Toolkit\CUDA\v10.1\include;C:\tools\cuda\bin;C:\tools\TensorRT-6.0.1.5;C:\Program Files\nodejs\;C:\Program Files\Git\cmd;C:\WINDOWS\system32;C:\WINDOWS;C:\WINDOWS\System32\Wbem;C:\WINDOWS\System32\WindowsPowerShell\v1.0\;C:\WINDOWS\System32\OpenSSH\;C:\Program Files\Java\jdk-16.0.1\bin;C:\Program Files\Docker\Docker\resources\bin;C:\ProgramData\DockerDesktop\version-bin;C:\Program Files\PostgreSQL\13\bin;C:\Program Files\Amazon\AWSCLIV2\;C:\Program Files\PuTTY\;C:\Program Files\WireGuard\;C:\Users\ALGORIZMI HEALTH LTD\AppData\Local\Programs\Python\Python39\Scripts\;C:\Users\ALGORIZMI HEALTH LTD\AppData\Local\Programs\Python\Python39\;C:\Users\ALGORIZMI HEALTH LTD\AppData\Local\Microsoft\WindowsApps;C:\Users\ALGORIZMI HEALTH LTD\AppData\Local\Programs\Microsoft VS Code\bin;C:\Users\ALGORIZMI HEALTH LTD\AppData\Roaming\npm;C:\Program Files\heroku\bin;C:\Users\ALGORIZMI HEALTH LTD\.dotnet\tools;C:\Users\ALGORIZMI HEALTH LTD\.dotnet\tools;C:\Program Files\JetBrains\IntelliJ IDEA Community Edition 2021.2.1\bin;;C:\Users\ALGORIZMI HEALTH LTD\AppData\Local\Microsoft\WindowsApps;C:\Users\ALGORIZMI HEALTH LTD\Documents\flutter\bin;

Yarn version: 
  1.22.10

Node version: 
  14.15.4

Platform: 
  win32 x64

Trace: 
  Error: connect ETIMEDOUT 104.16.18.35:443
      at TCPConnectWrap.afterConnect [as oncomplete] (net.js:1146:16)

npm manifest: 
  {
    "main": "node_modules/expo/AppEntry.js",
    "scripts": {
      "start": "expo start",
      "android": "expo start --android",
      "ios": "expo start --ios",
      "web": "expo start --web"
    },
    "dependencies": {
      "expo": "~46.0.6",
      "expo-status-bar": "~1.4.0",
      "react": "18.0.0",
      "react-native": "0.69.4"
    },
    "devDependencies": {
      "@babel/core": "^7.12.9"
    },
    "private": true
  }

yarn manifest: 
  No manifest

Lockfile: 
  No lockfile
